<?xml version="1.0" encoding="UTF-8"?>
<!-- Generated by org.testng.reporters.JUnitReportReporter -->
<testsuite skipped="0" hostname="vmsdcuksat01" name="SDCAutomation.TestNG" tests="3" failures="0" timestamp="27 Jun 2019 13:25:00 GMT" time="9.335" errors="0">
  <testcase name="LaunchingHomePage" time="5.843" classname="SDCAutomation.TestNG"/>
  <testcase name="Login" time="2.977" classname="SDCAutomation.TestNG"/>
  <testcase name="SignOut" time="0.515" classname="SDCAutomation.TestNG"/>
</testsuite> <!-- SDCAutomation.TestNG -->
