<?xml version="1.0" encoding="UTF-8"?>
<!-- Generated by org.testng.reporters.JUnitReportReporter -->
<testsuite skipped="0" hostname="vmsdcuksat01" name="testCases.TestCase_002" tests="1" failures="0" timestamp="30 Jul 2019 15:18:53 GMT" time="424.119" errors="0">
  <testcase name="UATMRCFieldExtraction" time="424.119" classname="testCases.TestCase_002"/>
</testsuite> <!-- testCases.TestCase_002 -->
