<?xml version="1.0" encoding="UTF-8"?>
<!-- Generated by org.testng.reporters.JUnitReportReporter -->
<testsuite skipped="0" hostname="MKNB1181" name="testCases.SysTestFileProcessing" tests="1" failures="0" timestamp="26 Oct 2022 13:56:51 GMT" time="10.487" errors="0">
  <testcase name="SysTestMRCFileProcessing" time="10.487" classname="testCases.SysTestFileProcessing"/>
</testsuite> <!-- testCases.SysTestFileProcessing -->
