<?xml version="1.0" encoding="UTF-8"?>
<!-- Generated by org.testng.reporters.JUnitReportReporter -->
<testsuite skipped="0" hostname="vmsdcuksat01" name="testCases.TestCase_003" tests="1" failures="0" timestamp="09 Jul 2019 11:57:56 GMT" time="319.077" errors="0">
  <testcase name="SysTestMRCFieldVerification" time="319.077" classname="testCases.TestCase_003"/>
</testsuite> <!-- testCases.TestCase_003 -->
