<?xml version="1.0" encoding="UTF-8"?>
<!-- Generated by org.testng.reporters.JUnitReportReporter -->
<testsuite skipped="0" hostname="vmsdcuksat01" name="testCases.TestCase_001" tests="1" failures="0" timestamp="30 Jul 2019 15:01:50 GMT" time="24.519" errors="0">
  <testcase name="SysTestMRCFieldExtraction" time="24.519" classname="testCases.TestCase_001"/>
</testsuite> <!-- testCases.TestCase_001 -->
