<?xml version="1.0" encoding="UTF-8"?>
<!-- Generated by org.testng.reporters.JUnitReportReporter -->
<testsuite skipped="0" hostname="vmsdcuksat01" name="testCases.PostProcessingResultsExport" tests="1" failures="0" timestamp="16 Oct 2019 11:56:18 GMT" time="0.000" errors="0">
  <testcase name="PostProcessingOutputResultsExport" time="0.000" classname="testCases.PostProcessingResultsExport"/>
</testsuite> <!-- testCases.PostProcessingResultsExport -->
